<?xml version="1.0" encoding="UTF-8"?>
<!-- Generated by org.testng.reporters.JUnitReportReporter -->
<testsuite skipped="0" hostname="Mahesh-LAPTOP" name="com.Tests.SingleUser" tests="1" failures="0" timestamp="2020-09-06T16:22:42 IST" time="13.444" errors="0">
  <testcase name="getlistusers" time="13.444" classname="com.Tests.SingleUser"/>
  <system-out/>
</testsuite> <!-- com.Tests.SingleUser -->
