<?xml version="1.0" encoding="UTF-8"?>
<!-- Generated by org.testng.reporters.JUnitReportReporter -->
<testsuite skipped="0" hostname="Mahesh-LAPTOP" name="com.Tests.ListUsers_adv" tests="1" failures="0" timestamp="2020-09-06T16:30:28 IST" time="3.958" errors="0">
  <testcase name="getlistusers" time="3.958" classname="com.Tests.ListUsers_adv"/>
  <system-out/>
</testsuite> <!-- com.Tests.ListUsers_adv -->
