<?xml version="1.0" encoding="UTF-8"?>
<!-- Generated by org.testng.reporters.JUnitReportReporter -->
<testsuite skipped="0" hostname="Mahesh-LAPTOP" name="com.Tests_TDD.GetAllCapsules" tests="1" failures="0" timestamp="2020-09-08T08:18:00 IST" time="1.287" errors="0">
  <testcase name="getAllCapsules" time="1.287" classname="com.Tests_TDD.GetAllCapsules"/>
  <system-out/>
</testsuite> <!-- com.Tests_TDD.GetAllCapsules -->
