<?xml version="1.0" encoding="UTF-8"?>
<!-- Generated by org.testng.reporters.JUnitReportReporter -->
<testsuite skipped="0" hostname="Mahesh-LAPTOP" name="com.Tests.ListUsers" tests="1" failures="0" timestamp="2020-09-06T15:51:00 IST" time="10.029" errors="0">
  <testcase name="getlistusers" time="10.029" classname="com.Tests.ListUsers"/>
  <system-out/>
</testsuite> <!-- com.Tests.ListUsers -->
