<?xml version="1.0" encoding="UTF-8"?>
<!-- Generated by org.testng.reporters.JUnitReportReporter -->
<testsuite skipped="0" hostname="Mahesh-LAPTOP" name="com.Tests.CreateCapsule" tests="1" failures="0" timestamp="2020-09-08T01:13:18 IST" time="3.189" errors="0">
  <testcase name="querycapsules_post" time="3.189" classname="com.Tests.CreateCapsule"/>
  <system-out/>
</testsuite> <!-- com.Tests.CreateCapsule -->
