<?xml version="1.0" encoding="UTF-8"?>
<!-- Generated by org.testng.reporters.JUnitReportReporter -->
<testsuite skipped="0" hostname="Mahesh-LAPTOP" name="com.Tests_TDD.CreateCapsule" tests="1" failures="0" timestamp="2020-09-08T03:01:47 IST" time="1.198" errors="0">
  <testcase name="querycapsules_post" time="1.198" classname="com.Tests_TDD.CreateCapsule"/>
  <system-out/>
</testsuite> <!-- com.Tests_TDD.CreateCapsule -->
