<?xml version="1.0" encoding="UTF-8"?>
<!-- Generated by org.testng.reporters.JUnitReportReporter -->
<testsuite skipped="0" hostname="Mahesh-LAPTOP" name="com.Tests_TDD.All_Rockets_Tests" tests="3" failures="0" timestamp="2020-09-08T08:18:00 IST" time="3.965" errors="0">
  <testcase name="getOneRokcet" time="1.254" classname="com.Tests_TDD.All_Rockets_Tests"/>
  <system-out/>
  <testcase name="getAllRockets" time="1.756" classname="com.Tests_TDD.All_Rockets_Tests"/>
  <system-out/>
  <testcase name="postQueryrocket" time="0.955" classname="com.Tests_TDD.All_Rockets_Tests"/>
  <system-out/>
</testsuite> <!-- com.Tests_TDD.All_Rockets_Tests -->
