<?xml version="1.0" encoding="UTF-8"?>
<!-- Generated by org.testng.reporters.JUnitReportReporter -->
<testsuite skipped="0" hostname="Mahesh-LAPTOP" name="com.Tests.Update_Put" tests="1" failures="0" timestamp="2020-09-06T17:03:18 IST" time="3.436" errors="0">
  <testcase name="updatePut" time="3.436" classname="com.Tests.Update_Put"/>
  <system-out/>
</testsuite> <!-- com.Tests.Update_Put -->
