<?xml version="1.0" encoding="UTF-8"?>
<!-- Generated by org.testng.reporters.JUnitReportReporter -->
<testsuite skipped="0" hostname="Mahesh-LAPTOP" name="com.Tests.Create_Post" tests="1" failures="0" timestamp="2020-09-06T16:53:56 IST" time="3.132" errors="0">
  <testcase name="createpost" time="3.132" classname="com.Tests.Create_Post"/>
  <system-out/>
</testsuite> <!-- com.Tests.Create_Post -->
