<?xml version="1.0" encoding="UTF-8"?>
<!-- Generated by org.testng.reporters.JUnitReportReporter -->
<testsuite skipped="0" hostname="Mahesh-LAPTOP" name="com.Tests_TDD.CreateLaunchpad" tests="1" failures="0" timestamp="2020-09-08T08:18:00 IST" time="2.472" errors="0">
  <testcase name="createlanunpad_post" time="2.472" classname="com.Tests_TDD.CreateLaunchpad"/>
  <system-out/>
</testsuite> <!-- com.Tests_TDD.CreateLaunchpad -->
