<?xml version="1.0" encoding="UTF-8"?>
<!-- Generated by org.testng.reporters.JUnitReportReporter -->
<testsuite skipped="0" hostname="Mahesh-LAPTOP" name="com.Tests.GetAllCapsules" tests="1" failures="0" timestamp="2020-09-08T01:13:37 IST" time="4.324" errors="0">
  <testcase name="getAllCapsules" time="4.324" classname="com.Tests.GetAllCapsules"/>
  <system-out/>
</testsuite> <!-- com.Tests.GetAllCapsules -->
