<?xml version="1.0" encoding="UTF-8"?>
<!-- Generated by org.testng.reporters.JUnitReportReporter -->
<testsuite skipped="0" hostname="Mahesh-LAPTOP" name="com.Tests.QueryCapsules" tests="1" failures="0" timestamp="2020-09-08T01:13:54 IST" time="2.781" errors="0">
  <testcase name="querycapsules_post" time="2.781" classname="com.Tests.QueryCapsules"/>
  <system-out/>
</testsuite> <!-- com.Tests.QueryCapsules -->
